<?xml version="1.0" encoding="UTF-8"?>
<Site BuildName="(empty)"
	BuildStamp="20240812-1914-Experimental"
	Name="jeong-Linux"
	Generator="ctest-3.16.3"
	CompilerName="/usr/bin/c++"
	CompilerVersion="9.4.0"
	OSName="Linux"
	Hostname="jeong-Linux"
	OSRelease="5.15.0-117-generic"
	OSVersion="#127~20.04.1-Ubuntu SMP Thu Jul 11 15:36:12 UTC 2024"
	OSPlatform="x86_64"
	Is64Bits="1"
	VendorString="AuthenticAMD"
	VendorID="Advanced Micro Devices"
	FamilyID="25"
	ModelID="80"
	ProcessorCacheSize="512"
	NumberOfLogicalCPU="12"
	NumberOfPhysicalCPU="6"
	TotalVirtualMemory="486"
	TotalPhysicalMemory="15316"
	LogicalProcessorsPerPhysical="2"
	ProcessorClockFrequency="1700"
	>
	<Testing>
		<StartDateTime>Aug 13 04:14 KST</StartDateTime>
		<StartTestTime>1723490083</StartTestTime>
		<TestList/>
		<EndDateTime>Aug 13 04:14 KST</EndDateTime>
		<EndTestTime>1723490083</EndTestTime>
		<ElapsedMinutes>0</ElapsedMinutes>
	</Testing>
</Site>
