<?xml version="1.0" encoding="UTF-8"?>
<Site BuildName="(empty)"
	BuildStamp="20241001-1810-Experimental"
	Name="jeong-Linux"
	Generator="ctest-3.16.3"
	CompilerName="/usr/bin/c++"
	CompilerVersion="9.4.0"
	OSName="Linux"
	Hostname="jeong-Linux"
	OSRelease="5.15.0-122-generic"
	OSVersion="#132~20.04.1-Ubuntu SMP Fri Aug 30 15:50:07 UTC 2024"
	OSPlatform="x86_64"
	Is64Bits="1"
	VendorString="AuthenticAMD"
	VendorID="Advanced Micro Devices"
	FamilyID="25"
	ModelID="80"
	ProcessorCacheSize="512"
	NumberOfLogicalCPU="12"
	NumberOfPhysicalCPU="6"
	TotalVirtualMemory="486"
	TotalPhysicalMemory="15316"
	LogicalProcessorsPerPhysical="2"
	ProcessorClockFrequency="3574.17"
	>
	<Testing>
		<StartDateTime>Oct 02 03:10 KST</StartDateTime>
		<StartTestTime>1727806242</StartTestTime>
		<TestList/>
		<EndDateTime>Oct 02 03:10 KST</EndDateTime>
		<EndTestTime>1727806242</EndTestTime>
		<ElapsedMinutes>0</ElapsedMinutes>
	</Testing>
</Site>
